mode: set
restful-api-testing/controllers/authController.go:13.37,16.42 2 1
restful-api-testing/controllers/authController.go:21.2,21.45 1 1
restful-api-testing/controllers/authController.go:27.2,28.16 2 1
restful-api-testing/controllers/authController.go:31.2,34.4 1 1
restful-api-testing/controllers/authController.go:16.42,20.3 1 0
restful-api-testing/controllers/authController.go:21.45,25.3 1 0
restful-api-testing/controllers/authController.go:28.16,30.3 1 0
restful-api-testing/controllers/authController.go:37.34,40.42 2 1
restful-api-testing/controllers/authController.go:45.2,45.45 1 1
restful-api-testing/controllers/authController.go:50.2,51.17 2 1
restful-api-testing/controllers/authController.go:56.2,58.4 1 0
restful-api-testing/controllers/authController.go:40.42,44.3 1 0
restful-api-testing/controllers/authController.go:45.45,49.3 1 0
restful-api-testing/controllers/authController.go:51.17,55.3 1 1
restful-api-testing/controllers/bookController.go:13.47,15.16 2 1
restful-api-testing/controllers/bookController.go:19.2,22.4 1 1
restful-api-testing/controllers/bookController.go:15.16,17.3 1 0
restful-api-testing/controllers/bookController.go:26.46,29.16 3 1
restful-api-testing/controllers/bookController.go:32.2,35.4 1 1
restful-api-testing/controllers/bookController.go:29.16,31.3 1 0
restful-api-testing/controllers/bookController.go:39.49,41.39 2 1
restful-api-testing/controllers/bookController.go:44.2,45.16 2 1
restful-api-testing/controllers/bookController.go:48.2,51.4 1 1
restful-api-testing/controllers/bookController.go:41.39,43.3 1 0
restful-api-testing/controllers/bookController.go:45.16,47.3 1 0
restful-api-testing/controllers/bookController.go:55.49,58.16 3 1
restful-api-testing/controllers/bookController.go:61.2,64.4 1 1
restful-api-testing/controllers/bookController.go:58.16,60.3 1 0
restful-api-testing/controllers/bookController.go:68.49,70.39 2 1
restful-api-testing/controllers/bookController.go:73.2,75.16 3 1
restful-api-testing/controllers/bookController.go:78.2,81.4 1 1
restful-api-testing/controllers/bookController.go:70.39,72.3 1 0
restful-api-testing/controllers/bookController.go:75.16,77.3 1 0
restful-api-testing/controllers/userController.go:18.47,21.16 2 0
restful-api-testing/controllers/userController.go:25.2,28.4 1 0
restful-api-testing/controllers/userController.go:21.16,23.3 1 0
restful-api-testing/controllers/userController.go:32.46,36.16 3 0
restful-api-testing/controllers/userController.go:39.2,42.4 1 0
restful-api-testing/controllers/userController.go:36.16,38.3 1 0
restful-api-testing/controllers/userController.go:46.49,48.42 2 0
restful-api-testing/controllers/userController.go:53.2,53.45 1 0
restful-api-testing/controllers/userController.go:58.2,59.16 2 0
restful-api-testing/controllers/userController.go:62.2,65.4 1 0
restful-api-testing/controllers/userController.go:48.42,52.3 1 0
restful-api-testing/controllers/userController.go:53.45,57.3 1 0
restful-api-testing/controllers/userController.go:59.16,61.3 1 0
restful-api-testing/controllers/userController.go:69.49,72.16 3 0
restful-api-testing/controllers/userController.go:76.2,79.4 1 0
restful-api-testing/controllers/userController.go:72.16,74.3 1 0
restful-api-testing/controllers/userController.go:83.49,85.39 2 0
restful-api-testing/controllers/userController.go:88.2,90.16 3 0
restful-api-testing/controllers/userController.go:93.2,96.4 1 0
restful-api-testing/controllers/userController.go:85.39,87.3 1 0
restful-api-testing/controllers/userController.go:90.16,92.3 1 0
